INFORMATION
	Folder: newMTS
	Model transformations: 1 [Ecore2Maude]
	Model finding tools: 1 [grimm]

MODEL TRANSFORMATIONS
	Ecore2Maude [ module:Ecore2Maude, maxScore:21, meta-models: Ecore(Ecore.ecore) > Maude(Maude.ecore) ]
	 Rules:  Package2Operation(1) Class2Sort(4) createSort(2) EmptyList(1) NamedElList(1) NamedElConstant(1) Reference2Operation(1) Attribute2Operation(1) Enum2Sort(3) mtOrdConstant(1) EnumLitList(2) EnumLitConstant(2) EnumLiteral2Operation(1)

RUNNING

RUNNING [Ecore2Maude] model transformation...

processing models generated by [grimm] tool...
EXCEPTION EPackage-160502-1911184.xmi grimm
SUCCESS EPackage-160502-1911184.xmi;583.7286;8;13;[NamedElConstant, Package2Operation, Class2Sort, Attribute2Operation, Enum2Sort, EnumLiteral2Operation, EmptyList, NamedElList]
EXCEPTION EPackage-151946-2911181.xmi grimm
SUCCESS EPackage-151946-2911181.xmi;39.833664;9;13;[NamedElConstant, Package2Operation, Class2Sort, Reference2Operation, Attribute2Operation, Enum2Sort, EnumLiteral2Operation, EmptyList, NamedElList]
EXCEPTION EPackage-160502-1911182.xmi grimm
SUCCESS EPackage-160502-1911182.xmi;31.946896;10;13;[NamedElConstant, Package2Operation, Class2Sort, Reference2Operation, Attribute2Operation, Enum2Sort, EnumLiteral2Operation, createSort, EmptyList, NamedElList]
SUCCESS EPackage-155105-2911181.xmi;23.977304;6;13;[NamedElConstant, Package2Operation, Enum2Sort, EnumLiteral2Operation, EmptyList, mtOrdConstant]
EXCEPTION EPackage-160502-1911183.xmi grimm
SUCCESS EPackage-160502-1911183.xmi;29.53708;9;13;[NamedElConstant, Package2Operation, Class2Sort, Attribute2Operation, Enum2Sort, EnumLiteral2Operation, createSort, EmptyList, NamedElList]
EXCEPTION EPackage-151946-2911182.xmi grimm
SUCCESS EPackage-151946-2911182.xmi;21.555752;8;13;[NamedElConstant, Package2Operation, Class2Sort, Reference2Operation, Attribute2Operation, Enum2Sort, EmptyList, NamedElList]
SUCCESS EPackage-153321-2911182.xmi;16.791216;5;13;[NamedElConstant, Package2Operation, Class2Sort, EmptyList, NamedElList]
SUCCESS EPackage-153136-2911182.xmi;11.175218;4;13;[NamedElConstant, Package2Operation, Class2Sort, EmptyList]
EXCEPTION EPackage-160502-1911181.xmi grimm
SUCCESS EPackage-160502-1911181.xmi;22.241152;10;13;[NamedElConstant, Package2Operation, Class2Sort, Reference2Operation, Attribute2Operation, Enum2Sort, EnumLiteral2Operation, createSort, EmptyList, NamedElList]
EXCEPTION EPackage-160502-1911186.xmi grimm
SUCCESS EPackage-160502-1911186.xmi;33.97211;10;13;[NamedElConstant, Package2Operation, Class2Sort, Reference2Operation, Attribute2Operation, Enum2Sort, EnumLiteral2Operation, createSort, EmptyList, NamedElList]
EXCEPTION EPackage-160502-1911189.xmi grimm
SUCCESS EPackage-160502-1911189.xmi;91.48896;10;13;[NamedElConstant, Package2Operation, Class2Sort, Reference2Operation, Attribute2Operation, Enum2Sort, EnumLiteral2Operation, createSort, EmptyList, NamedElList]
SUCCESS EPackage-155102-2911181.xmi;14.988037;6;13;[NamedElConstant, Package2Operation, Enum2Sort, EnumLiteral2Operation, EmptyList, mtOrdConstant]
EXCEPTION EPackage-160502-1911185.xmi grimm
SUCCESS EPackage-160502-1911185.xmi;42.633465;10;13;[NamedElConstant, Package2Operation, Class2Sort, Reference2Operation, Attribute2Operation, Enum2Sort, EnumLiteral2Operation, createSort, EmptyList, NamedElList]
SUCCESS EPackage-160502-1911188.xmi;84.325356;10;13;[NamedElConstant, Package2Operation, Class2Sort, Reference2Operation, Enum2Sort, EnumLiteral2Operation, createSort, EmptyList, NamedElList, mtOrdConstant]
SUCCESS EPackage-155110-2911181.xmi;16.301998;6;13;[NamedElConstant, Package2Operation, Enum2Sort, EnumLiteral2Operation, EmptyList, mtOrdConstant]
SUCCESS EPackage-153136-2911181.xmi;124.7848;4;13;[NamedElConstant, Package2Operation, Class2Sort, EmptyList]
SUCCESS EPackage-154104-2911181.xmi;21.274658;5;13;[NamedElConstant, Package2Operation, Enum2Sort, EmptyList, mtOrdConstant]
SUCCESS EPackage-153321-2911181.xmi;25.959312;5;13;[NamedElConstant, Package2Operation, Class2Sort, EmptyList, NamedElList]
EXCEPTION EPackage-160502-1911187.xmi grimm
SUCCESS EPackage-160502-1911187.xmi;71.35138;10;13;[NamedElConstant, Package2Operation, Class2Sort, Reference2Operation, Attribute2Operation, Enum2Sort, EnumLiteral2Operation, createSort, EmptyList, NamedElList]
EXCEPTION EPackage-160502-19111810.xmi grimm
SUCCESS EPackage-160502-19111810.xmi;64.76216;9;13;[NamedElConstant, Package2Operation, Class2Sort, Reference2Operation, Attribute2Operation, Enum2Sort, createSort, EmptyList, NamedElList]
 SUMMARY grimm;Ecore2Maude;11;13;[EmptyList, Attribute2Operation, NamedElList, Reference2Operation, NamedElConstant, Class2Sort, mtOrdConstant, EnumLiteral2Operation, createSort, Enum2Sort, Package2Operation];20
 coverageScore: 17
 creation of file: grimm-Ecore2Maude-201811291614.csv

creation of file: failed-models-Ecore2Maude-201811291614.log

creation of file: transformations-metrics-201811291614.csv
creation of file: execution-results-201811291614.csv
