INFORMATION
	Folder: sandbox/Ecore2Maude/
	Model transformations: 1 [ATLUtils.ModelTransformation@2a640157]
	Model finding tools: 1 [grimm]

MODEL TRANSFORMATIONS
	Ecore2Maude [ module:Ecore2Maude, maxScore:21, meta-models: Ecore(Ecore.ecore) > Maude(Maude.ecore) ]
	 Rules:  Package2Operation(1) Class2Sort(4) createSort(2) EmptyList(1) NamedElList(1) NamedElConstant(1) Reference2Operation(1) Attribute2Operation(1) Enum2Sort(3) mtOrdConstant(1) EnumLitList(2) EnumLitConstant(2) EnumLiteral2Operation(1)

RUNNING

RUNNING [ATLUtils.ModelTransformation@2a640157] model transformation...

processing models generated by [grimm] tool...
EXCEPTION EPackage-151946-2911181.xmi grimm
SUCCESS EPackage-151946-2911181.xmi;406.6704;9;13;[NamedElConstant, Package2Operation, Class2Sort, Reference2Operation, Attribute2Operation, Enum2Sort, EnumLiteral2Operation, EmptyList, NamedElList]
SUCCESS EPackage-155105-2911181.xmi;25.89658;6;13;[NamedElConstant, Package2Operation, Enum2Sort, EnumLiteral2Operation, EmptyList, mtOrdConstant]
EXCEPTION EPackage-151946-2911182.xmi grimm
SUCCESS EPackage-151946-2911182.xmi;21.40286;8;13;[NamedElConstant, Package2Operation, Class2Sort, Reference2Operation, Attribute2Operation, Enum2Sort, EmptyList, NamedElList]
SUCCESS EPackage-153321-2911182.xmi;16.604073;5;13;[NamedElConstant, Package2Operation, Class2Sort, EmptyList, NamedElList]
SUCCESS EPackage-153136-2911182.xmi;11.282839;4;13;[NamedElConstant, Package2Operation, Class2Sort, EmptyList]
SUCCESS EPackage-155102-2911181.xmi;12.015932;6;13;[NamedElConstant, Package2Operation, Enum2Sort, EnumLiteral2Operation, EmptyList, mtOrdConstant]
SUCCESS EPackage-155110-2911181.xmi;10.412232;6;13;[NamedElConstant, Package2Operation, Enum2Sort, EnumLiteral2Operation, EmptyList, mtOrdConstant]
SUCCESS EPackage-153136-2911181.xmi;11.331353;4;13;[NamedElConstant, Package2Operation, Class2Sort, EmptyList]
SUCCESS EPackage-154104-2911181.xmi;10.613589;5;13;[NamedElConstant, Package2Operation, Enum2Sort, EmptyList, mtOrdConstant]
SUCCESS EPackage-153321-2911181.xmi;14.478658;5;13;[NamedElConstant, Package2Operation, Class2Sort, EmptyList, NamedElList]
 SUMMARY grimm;Ecore2Maude;10;13;[EmptyList, Reference2Operation, Attribute2Operation, NamedElList, NamedElConstant, Class2Sort, mtOrdConstant, EnumLiteral2Operation, Enum2Sort, Package2Operation];10
 coverageScore: 15
 creation of file: grimm-Ecore2Maude-201811291622.csv

creation of file: failed-models-Ecore2Maude-201811291622.log

creation of file: transformations-metrics-201811291622.csv
creation of file: execution-results-201811291622.csv
